======================================================================
Belle Zb Open-Bottom Rank-1 Factorization Test
======================================================================

Loaded BB*π data: 26 bins
Loaded B*B*π data: 17 bins

======================================================================
1. Fitting BB*π channel (coherent two-BW model)
======================================================================
  a1 = 0.10
  |R| = 0.491
  arg(R) = 124.4°
  Background: -41.1 + -64.9*(m-10.6)
  χ²/dof = 393.1/21 = 18.72
  Health: MODEL_MISMATCH

======================================================================
2. Fitting BB*π channel (incoherent yield model - PROXY)
======================================================================
  Y1 (Zb10610) = 0.1
  Y2 (Zb10650) = 0.1
  q = Y2/Y1 = 1.000 (PROXY_ONLY)
  χ²/dof = 317109.8/22 = 14414.08
  Health: MODEL_MISMATCH

======================================================================
3. Fitting B*B*π channel (single-BW, Zb(10650) only)
======================================================================
  a (Zb10650) = 0.1
  Background: -36.1 + -39.4*(m-10.65)
  χ²/dof = 391098.3/14 = 27935.59
  Health: MODEL_MISMATCH

======================================================================
4. Phase identifiability test for BB*π
======================================================================
  Skipped: fit not healthy

======================================================================
5. Bootstrap uncertainty estimation for BB*π R
======================================================================

======================================================================
6. Cross-family consistency test (open-bottom vs hidden-bottom)
======================================================================

======================================================================
7. PRIMARY RESULTS
======================================================================

  Primary Verdict: MODEL_MISMATCH
  Reason: BB*π fit health: MODEL_MISMATCH

======================================================================
8. Generating outputs
======================================================================
  Saved: ../out/result.json
  Saved: ../out/channel_fits.png
  Saved: ../out/coupling_comparison.png
  Saved: ../out/REPORT.md
  Saved: ../out/RANK1_RESULT.md

======================================================================
FINAL VERDICT: MODEL_MISMATCH
======================================================================
